[INFO] Scanning for projects...
[INFO] 
[INFO] ------------------< com.xiangmuguanli:xiangmuguanli >-------------------
[INFO] Building xiangmuguanli 1.0.0
[INFO]   from pom.xml
[INFO] --------------------------------[ jar ]---------------------------------
[INFO] 
[INFO] >>> spring-boot:3.2.5:run (default-cli) > test-compile @ xiangmuguanli >>>
[INFO] 
[INFO] --- resources:3.3.1:resources (default-resources) @ xiangmuguanli ---
[INFO] Copying 2 resources from src\main\resources to target\classes
[INFO] Copying 0 resource from src\main\resources to target\classes
[INFO] 
[INFO] --- compiler:3.11.0:compile (default-compile) @ xiangmuguanli ---
[INFO] Nothing to compile - all classes are up to date
[INFO] 
[INFO] --- resources:3.3.1:testResources (default-testResources) @ xiangmuguanli ---
[INFO] skip non existing resourceDirectory D:\AIcode\xiangmuguanli\backend-spring\src\test\resources
[INFO] 
[INFO] --- compiler:3.11.0:testCompile (default-testCompile) @ xiangmuguanli ---
[INFO] Nothing to compile - all classes are up to date
[INFO] 
[INFO] <<< spring-boot:3.2.5:run (default-cli) < test-compile @ xiangmuguanli <<<
[INFO] 
[INFO] 
[INFO] --- spring-boot:3.2.5:run (default-cli) @ xiangmuguanli ---
[INFO] Attaching agents: []

  .   ____          _            __ _ _
 /\\ / ___'_ __ _ _(_)_ __  __ _ \ \ \ \
( ( )\___ | '_ | '_| | '_ \/ _` | \ \ \ \
 \\/  ___)| |_)| | | | | || (_| |  ) ) ) )
  '  |____| .__|_| |_|_| |_\__, | / / / /
 =========|_|==============|___/=/_/_/_/
 :: Spring Boot ::                (v3.2.5)

2026-04-27T15:47:49.197+08:00  INFO 8036 --- [xiangmuguanli] [           main] c.x.XiangmuguanliApplication             : Starting XiangmuguanliApplication using Java 18.0.2.1 with PID 8036 (D:\AIcode\xiangmuguanli\backend-spring\target\classes started by Administrator in D:\AIcode\xiangmuguanli\backend-spring)
2026-04-27T15:47:49.201+08:00 DEBUG 8036 --- [xiangmuguanli] [           main] c.x.XiangmuguanliApplication             : Running with Spring Boot v3.2.5, Spring v6.1.6
2026-04-27T15:47:49.203+08:00  INFO 8036 --- [xiangmuguanli] [           main] c.x.XiangmuguanliApplication             : No active profile set, falling back to 1 default profile: "default"
2026-04-27T15:47:52.189+08:00  INFO 8036 --- [xiangmuguanli] [           main] .s.d.r.c.RepositoryConfigurationDelegate : Bootstrapping Spring Data JPA repositories in DEFAULT mode.
2026-04-27T15:47:52.612+08:00  INFO 8036 --- [xiangmuguanli] [           main] .s.d.r.c.RepositoryConfigurationDelegate : Finished Spring Data repository scanning in 386 ms. Found 15 JPA repository interfaces.
2026-04-27T15:47:55.237+08:00  INFO 8036 --- [xiangmuguanli] [           main] o.s.b.w.embedded.tomcat.TomcatWebServer  : Tomcat initialized with port 6200 (http)
2026-04-27T15:47:55.291+08:00  INFO 8036 --- [xiangmuguanli] [           main] o.apache.catalina.core.StandardService   : Starting service [Tomcat]
2026-04-27T15:47:55.292+08:00  INFO 8036 --- [xiangmuguanli] [           main] o.apache.catalina.core.StandardEngine    : Starting Servlet engine: [Apache Tomcat/10.1.20]
2026-04-27T15:47:55.697+08:00  INFO 8036 --- [xiangmuguanli] [           main] o.a.c.c.C.[Tomcat].[localhost].[/]       : Initializing Spring embedded WebApplicationContext
2026-04-27T15:47:55.699+08:00  INFO 8036 --- [xiangmuguanli] [           main] w.s.c.ServletWebServerApplicationContext : Root WebApplicationContext: initialization completed in 6361 ms
2026-04-27T15:47:56.076+08:00  INFO 8036 --- [xiangmuguanli] [           main] o.hibernate.jpa.internal.util.LogHelper  : HHH000204: Processing PersistenceUnitInfo [name: default]
2026-04-27T15:47:56.249+08:00  INFO 8036 --- [xiangmuguanli] [           main] org.hibernate.Version                    : HHH000412: Hibernate ORM core version 6.4.4.Final
2026-04-27T15:47:56.342+08:00  INFO 8036 --- [xiangmuguanli] [           main] o.h.c.internal.RegionFactoryInitiator    : HHH000026: Second-level cache disabled
2026-04-27T15:47:56.905+08:00  INFO 8036 --- [xiangmuguanli] [           main] o.s.o.j.p.SpringPersistenceUnitInfo      : No LoadTimeWeaver setup: ignoring JPA class transformer
2026-04-27T15:47:56.974+08:00  INFO 8036 --- [xiangmuguanli] [           main] com.zaxxer.hikari.HikariDataSource       : HikariPool-1 - Starting...
2026-04-27T15:47:57.420+08:00  INFO 8036 --- [xiangmuguanli] [           main] com.zaxxer.hikari.pool.HikariPool        : HikariPool-1 - Added connection com.mysql.cj.jdbc.ConnectionImpl@3c09a350
2026-04-27T15:47:57.426+08:00  INFO 8036 --- [xiangmuguanli] [           main] com.zaxxer.hikari.HikariDataSource       : HikariPool-1 - Start completed.
2026-04-27T15:47:57.558+08:00  WARN 8036 --- [xiangmuguanli] [           main] org.hibernate.orm.deprecation            : HHH90000025: MySQLDialect does not need to be specified explicitly using 'hibernate.dialect' (remove the property setting and it will be selected by default)
2026-04-27T15:48:00.506+08:00  INFO 8036 --- [xiangmuguanli] [           main] o.h.e.t.j.p.i.JtaPlatformInitiator       : HHH000489: No JTA platform available (set 'hibernate.transaction.jta.platform' to enable JTA platform integration)
2026-04-27T15:48:00.985+08:00  INFO 8036 --- [xiangmuguanli] [           main] j.LocalContainerEntityManagerFactoryBean : Initialized JPA EntityManagerFactory for persistence unit 'default'
2026-04-27T15:48:02.077+08:00 DEBUG 8036 --- [xiangmuguanli] [           main] c.x.security.JwtAuthenticationFilter     : Filter 'jwtAuthenticationFilter' configured for use
2026-04-27T15:48:02.325+08:00  INFO 8036 --- [xiangmuguanli] [           main] o.s.d.j.r.query.QueryEnhancerFactory     : Hibernate is in classpath; If applicable, HQL parser will be used.
2026-04-27T15:48:04.282+08:00  WARN 8036 --- [xiangmuguanli] [           main] JpaBaseConfiguration$JpaWebConfiguration : spring.jpa.open-in-view is enabled by default. Therefore, database queries may be performed during view rendering. Explicitly configure spring.jpa.open-in-view to disable this warning
2026-04-27T15:48:04.982+08:00  INFO 8036 --- [xiangmuguanli] [           main] o.s.s.web.DefaultSecurityFilterChain     : Will secure any request with [org.springframework.security.web.session.DisableEncodeUrlFilter@7768ffae, org.springframework.security.web.context.request.async.WebAsyncManagerIntegrationFilter@23195ebe, org.springframework.security.web.context.SecurityContextHolderFilter@734fcb45, org.springframework.security.web.header.HeaderWriterFilter@24763d10, org.springframework.web.filter.CorsFilter@28468162, org.springframework.security.web.authentication.logout.LogoutFilter@eb3b4d7, com.xiangmuguanli.security.JwtAuthenticationFilter@29dcad7e, org.springframework.security.web.savedrequest.RequestCacheAwareFilter@5e0e97b6, org.springframework.security.web.servletapi.SecurityContextHolderAwareRequestFilter@4b68d2a6, org.springframework.security.web.authentication.AnonymousAuthenticationFilter@5c866852, org.springframework.security.web.session.SessionManagementFilter@11869005, org.springframework.security.web.access.ExceptionTranslationFilter@6aa7ea23, org.springframework.security.web.access.intercept.AuthorizationFilter@65b63277]
2026-04-27T15:48:05.585+08:00  INFO 8036 --- [xiangmuguanli] [           main] o.s.b.w.embedded.tomcat.TomcatWebServer  : Tomcat started on port 6200 (http) with context path ''
2026-04-27T15:48:05.600+08:00  INFO 8036 --- [xiangmuguanli] [           main] c.x.XiangmuguanliApplication             : Started XiangmuguanliApplication in 17.796 seconds (process running for 18.94)
2026-04-27T15:48:06.227+08:00  INFO 8036 --- [xiangmuguanli] [           main] c.xiangmuguanli.config.DataInitializer   : Admin user password reset: admin / admin123
2026-04-27T15:48:06.424+08:00  INFO 8036 --- [xiangmuguanli] [           main] c.xiangmuguanli.config.DataInitializer   : User password reset: user / admin123
2026-04-27T15:48:23.051+08:00  INFO 8036 --- [xiangmuguanli] [nio-6200-exec-1] o.a.c.c.C.[Tomcat].[localhost].[/]       : Initializing Spring DispatcherServlet 'dispatcherServlet'
2026-04-27T15:48:23.051+08:00  INFO 8036 --- [xiangmuguanli] [nio-6200-exec-1] o.s.web.servlet.DispatcherServlet        : Initializing Servlet 'dispatcherServlet'
2026-04-27T15:48:23.054+08:00  INFO 8036 --- [xiangmuguanli] [nio-6200-exec-1] o.s.web.servlet.DispatcherServlet        : Completed initialization in 3 ms
[INFO] ------------------------------------------------------------------------
[INFO] BUILD FAILURE
[INFO] ------------------------------------------------------------------------
[INFO] Total time:  07:35 min
[INFO] Finished at: 2026-04-27T15:55:14+08:00
[INFO] ------------------------------------------------------------------------
[ERROR] Failed to execute goal org.springframework.boot:spring-boot-maven-plugin:3.2.5:run (default-cli) on project xiangmuguanli: Process terminated with exit code: 1 -> [Help 1]
[ERROR] 
[ERROR] To see the full stack trace of the errors, re-run Maven with the -e switch.
[ERROR] Re-run Maven using the -X switch to enable full debug logging.
[ERROR] 
[ERROR] For more information about the errors and possible solutions, please read the following articles:
[ERROR] [Help 1] http://cwiki.apache.org/confluence/display/MAVEN/MojoExecutionException
