[INFO] Scanning for projects...
[INFO] 
[INFO] ------------------< com.xiangmuguanli:xiangmuguanli >-------------------
[INFO] Building xiangmuguanli 1.0.0
[INFO]   from pom.xml
[INFO] --------------------------------[ jar ]---------------------------------
[INFO] 
[INFO] >>> spring-boot:3.2.5:run (default-cli) > test-compile @ xiangmuguanli >>>
[INFO] 
[INFO] --- resources:3.3.1:resources (default-resources) @ xiangmuguanli ---
[INFO] Copying 2 resources from src\main\resources to target\classes
[INFO] Copying 1 resource from src\main\resources to target\classes
[INFO] 
[INFO] --- compiler:3.11.0:compile (default-compile) @ xiangmuguanli ---
[INFO] Nothing to compile - all classes are up to date
[INFO] 
[INFO] --- resources:3.3.1:testResources (default-testResources) @ xiangmuguanli ---
[INFO] skip non existing resourceDirectory D:\AIcode\xiangmuguanli\backend-spring\src\test\resources
[INFO] 
[INFO] --- compiler:3.11.0:testCompile (default-testCompile) @ xiangmuguanli ---
[INFO] Nothing to compile - all classes are up to date
[INFO] 
[INFO] <<< spring-boot:3.2.5:run (default-cli) < test-compile @ xiangmuguanli <<<
[INFO] 
[INFO] 
[INFO] --- spring-boot:3.2.5:run (default-cli) @ xiangmuguanli ---
[INFO] Attaching agents: []

  .   ____          _            __ _ _
 /\\ / ___'_ __ _ _(_)_ __  __ _ \ \ \ \
( ( )\___ | '_ | '_| | '_ \/ _` | \ \ \ \
 \\/  ___)| |_)| | | | | || (_| |  ) ) ) )
  '  |____| .__|_| |_|_| |_\__, | / / / /
 =========|_|==============|___/=/_/_/_/
 :: Spring Boot ::                (v3.2.5)

2026-04-25T23:05:23.987+08:00  INFO 26240 --- [xiangmuguanli] [           main] c.x.XiangmuguanliApplication             : Starting XiangmuguanliApplication using Java 18.0.2.1 with PID 26240 (D:\AIcode\xiangmuguanli\backend-spring\target\classes started by Administrator in D:\AIcode\xiangmuguanli\backend-spring)
2026-04-25T23:05:23.991+08:00 DEBUG 26240 --- [xiangmuguanli] [           main] c.x.XiangmuguanliApplication             : Running with Spring Boot v3.2.5, Spring v6.1.6
2026-04-25T23:05:23.991+08:00  INFO 26240 --- [xiangmuguanli] [           main] c.x.XiangmuguanliApplication             : No active profile set, falling back to 1 default profile: "default"
2026-04-25T23:05:25.715+08:00  INFO 26240 --- [xiangmuguanli] [           main] .s.d.r.c.RepositoryConfigurationDelegate : Bootstrapping Spring Data JPA repositories in DEFAULT mode.
2026-04-25T23:05:25.956+08:00  INFO 26240 --- [xiangmuguanli] [           main] .s.d.r.c.RepositoryConfigurationDelegate : Finished Spring Data repository scanning in 225 ms. Found 15 JPA repository interfaces.
2026-04-25T23:05:27.356+08:00  INFO 26240 --- [xiangmuguanli] [           main] o.s.b.w.embedded.tomcat.TomcatWebServer  : Tomcat initialized with port 6200 (http)
2026-04-25T23:05:27.379+08:00  INFO 26240 --- [xiangmuguanli] [           main] o.apache.catalina.core.StandardService   : Starting service [Tomcat]
2026-04-25T23:05:27.379+08:00  INFO 26240 --- [xiangmuguanli] [           main] o.apache.catalina.core.StandardEngine    : Starting Servlet engine: [Apache Tomcat/10.1.20]
2026-04-25T23:05:27.573+08:00  INFO 26240 --- [xiangmuguanli] [           main] o.a.c.c.C.[Tomcat].[localhost].[/]       : Initializing Spring embedded WebApplicationContext
2026-04-25T23:05:27.575+08:00  INFO 26240 --- [xiangmuguanli] [           main] w.s.c.ServletWebServerApplicationContext : Root WebApplicationContext: initialization completed in 3498 ms
2026-04-25T23:05:27.745+08:00  INFO 26240 --- [xiangmuguanli] [           main] com.zaxxer.hikari.HikariDataSource       : HikariPool-1 - Starting...
2026-04-25T23:05:28.059+08:00  INFO 26240 --- [xiangmuguanli] [           main] com.zaxxer.hikari.pool.HikariPool        : HikariPool-1 - Added connection com.mysql.cj.jdbc.ConnectionImpl@480cbe2e
2026-04-25T23:05:28.062+08:00  INFO 26240 --- [xiangmuguanli] [           main] com.zaxxer.hikari.HikariDataSource       : HikariPool-1 - Start completed.
2026-04-25T23:05:28.220+08:00  INFO 26240 --- [xiangmuguanli] [           main] o.hibernate.jpa.internal.util.LogHelper  : HHH000204: Processing PersistenceUnitInfo [name: default]
2026-04-25T23:05:28.372+08:00  INFO 26240 --- [xiangmuguanli] [           main] org.hibernate.Version                    : HHH000412: Hibernate ORM core version 6.4.4.Final
2026-04-25T23:05:28.449+08:00  INFO 26240 --- [xiangmuguanli] [           main] o.h.c.internal.RegionFactoryInitiator    : HHH000026: Second-level cache disabled
2026-04-25T23:05:28.985+08:00  INFO 26240 --- [xiangmuguanli] [           main] o.s.o.j.p.SpringPersistenceUnitInfo      : No LoadTimeWeaver setup: ignoring JPA class transformer
2026-04-25T23:05:29.115+08:00  WARN 26240 --- [xiangmuguanli] [           main] org.hibernate.orm.deprecation            : HHH90000025: MySQLDialect does not need to be specified explicitly using 'hibernate.dialect' (remove the property setting and it will be selected by default)
2026-04-25T23:05:31.293+08:00  INFO 26240 --- [xiangmuguanli] [           main] o.h.e.t.j.p.i.JtaPlatformInitiator       : HHH000489: No JTA platform available (set 'hibernate.transaction.jta.platform' to enable JTA platform integration)
2026-04-25T23:05:35.675+08:00  INFO 26240 --- [xiangmuguanli] [           main] j.LocalContainerEntityManagerFactoryBean : Initialized JPA EntityManagerFactory for persistence unit 'default'
2026-04-25T23:05:36.258+08:00 DEBUG 26240 --- [xiangmuguanli] [           main] c.x.security.JwtAuthenticationFilter     : Filter 'jwtAuthenticationFilter' configured for use
2026-04-25T23:05:36.521+08:00  INFO 26240 --- [xiangmuguanli] [           main] o.s.d.j.r.query.QueryEnhancerFactory     : Hibernate is in classpath; If applicable, HQL parser will be used.
2026-04-25T23:05:37.471+08:00  WARN 26240 --- [xiangmuguanli] [           main] JpaBaseConfiguration$JpaWebConfiguration : spring.jpa.open-in-view is enabled by default. Therefore, database queries may be performed during view rendering. Explicitly configure spring.jpa.open-in-view to disable this warning
2026-04-25T23:05:38.005+08:00  INFO 26240 --- [xiangmuguanli] [           main] o.s.s.web.DefaultSecurityFilterChain     : Will secure any request with [org.springframework.security.web.session.DisableEncodeUrlFilter@32e0b990, org.springframework.security.web.context.request.async.WebAsyncManagerIntegrationFilter@7f6ba409, org.springframework.security.web.context.SecurityContextHolderFilter@765650e4, org.springframework.security.web.header.HeaderWriterFilter@2cef4321, org.springframework.web.filter.CorsFilter@701c413, org.springframework.security.web.authentication.logout.LogoutFilter@7c5ae5c3, com.xiangmuguanli.security.JwtAuthenticationFilter@276eafad, org.springframework.security.web.savedrequest.RequestCacheAwareFilter@2df019b8, org.springframework.security.web.servletapi.SecurityContextHolderAwareRequestFilter@223ed38f, org.springframework.security.web.authentication.AnonymousAuthenticationFilter@232e4e1d, org.springframework.security.web.session.SessionManagementFilter@19abe8f7, org.springframework.security.web.access.ExceptionTranslationFilter@6654e105, org.springframework.security.web.access.intercept.AuthorizationFilter@3d2e1d18]
2026-04-25T23:05:38.437+08:00  WARN 26240 --- [xiangmuguanli] [           main] ConfigServletWebServerApplicationContext : Exception encountered during context initialization - cancelling refresh attempt: org.springframework.context.ApplicationContextException: Failed to start bean 'webServerStartStop'
2026-04-25T23:05:38.441+08:00  INFO 26240 --- [xiangmuguanli] [           main] j.LocalContainerEntityManagerFactoryBean : Closing JPA EntityManagerFactory for persistence unit 'default'
2026-04-25T23:05:38.444+08:00  INFO 26240 --- [xiangmuguanli] [           main] com.zaxxer.hikari.HikariDataSource       : HikariPool-1 - Shutdown initiated...
2026-04-25T23:05:38.454+08:00  INFO 26240 --- [xiangmuguanli] [           main] com.zaxxer.hikari.HikariDataSource       : HikariPool-1 - Shutdown completed.
2026-04-25T23:05:38.470+08:00  INFO 26240 --- [xiangmuguanli] [           main] .s.b.a.l.ConditionEvaluationReportLogger : 

Error starting ApplicationContext. To display the condition evaluation report re-run your application with 'debug' enabled.
2026-04-25T23:05:38.496+08:00 ERROR 26240 --- [xiangmuguanli] [           main] o.s.b.d.LoggingFailureAnalysisReporter   : 

***************************
APPLICATION FAILED TO START
***************************

Description:

Web server failed to start. Port 6200 was already in use.

Action:

Identify and stop the process that's listening on port 6200 or configure this application to listen on another port.

[INFO] ------------------------------------------------------------------------
[INFO] BUILD FAILURE
[INFO] ------------------------------------------------------------------------
[INFO] Total time:  24.599 s
[INFO] Finished at: 2026-04-25T23:05:38+08:00
[INFO] ------------------------------------------------------------------------
[ERROR] Failed to execute goal org.springframework.boot:spring-boot-maven-plugin:3.2.5:run (default-cli) on project xiangmuguanli: Process terminated with exit code: 1 -> [Help 1]
[ERROR] 
[ERROR] To see the full stack trace of the errors, re-run Maven with the -e switch.
[ERROR] Re-run Maven using the -X switch to enable full debug logging.
[ERROR] 
[ERROR] For more information about the errors and possible solutions, please read the following articles:
[ERROR] [Help 1] http://cwiki.apache.org/confluence/display/MAVEN/MojoExecutionException
